WARNING:root:test test
WARNING:root:test test
WARNING:root:test test
WARNING:root:test test
WARNING:root:test test
WARNING:root:test test
WARNING:root:test test
WARNING:root:test test
INFO:django.utils.autoreload:Watching for file changes with StatReloader
DEBUG:root:Test log
DEBUG:root:<WSGIRequest: GET '/first_app/formpage/'>
DEBUG:root:<WSGIRequest: GET '/first_app/other/'>
DEBUG:root:<WSGIRequest: GET '/first_app/relative_url_templates/'>
DEBUG:root:<WSGIRequest: GET '/first_app/users/'>
DEBUG:root:<WSGIRequest: GET '/first_app/registration/'>
DEBUG:root:<WSGIRequest: GET '/first_app/formpage/'>
DEBUG:root:<WSGIRequest: GET '/first_app/index/'>
INFO:root:testing
DEBUG:root:<WSGIRequest: GET '/first_app/users/'>
DEBUG:root:<WSGIRequest: GET '/first_app/registration/'>
DEBUG:root:<WSGIRequest: GET '/first_app/formpage/'>
DEBUG:root:<WSGIRequest: GET '/first_app/formpage/'>
DEBUG:root:<WSGIRequest: POST '/first_app/formpage/'>
ERROR:django.request:Internal Server Error: /first_app/formpage/
Traceback (most recent call last):
  File "/Library/Frameworks/Python.framework/Versions/3.7/lib/python3.7/site-packages/django/core/handlers/exception.py", line 34, in inner
    response = get_response(request)
  File "/Library/Frameworks/Python.framework/Versions/3.7/lib/python3.7/site-packages/django/core/handlers/base.py", line 115, in _get_response
    response = self.process_exception_by_middleware(e, request)
  File "/Library/Frameworks/Python.framework/Versions/3.7/lib/python3.7/site-packages/django/core/handlers/base.py", line 113, in _get_response
    response = wrapped_callback(request, *callback_args, **callback_kwargs)
  File "/Users/michaelbrewster/Desktop/myGit/djangoProject/Section21/first_project/first_app/views.py", line 64, in form_name_view
    print("Names : " +form.cleaned_data['names'])
TypeError: can only concatenate str (not "MyUser") to str
INFO:django.utils.autoreload:/Users/michaelbrewster/Desktop/myGit/djangoProject/Section21/first_project/first_app/views.py changed, reloading.
WARNING:root:test test
WARNING:root:test test
WARNING:root:test test
WARNING:root:test test
INFO:django.utils.autoreload:Watching for file changes with StatReloader
DEBUG:root:Test log
DEBUG:root:<WSGIRequest: POST '/first_app/formpage/'>
DEBUG:root:<WSGIRequest: POST '/first_app/formpage/'>
DEBUG:root:<WSGIRequest: POST '/first_app/formpage/'>
DEBUG:root:<WSGIRequest: GET '/first_app/users/'>
DEBUG:root:<WSGIRequest: GET '/first_app/formpage/'>
INFO:django.utils.autoreload:/Users/michaelbrewster/Desktop/myGit/djangoProject/Section21/first_project/first_app/views.py changed, reloading.
WARNING:root:test test
WARNING:root:test test
WARNING:root:test test
WARNING:root:test test
INFO:django.utils.autoreload:Watching for file changes with StatReloader
DEBUG:root:Test log
DEBUG:root:<WSGIRequest: GET '/first_app/formpage/'>
ERROR:django.request:Internal Server Error: /first_app/formpage/
Traceback (most recent call last):
  File "/Library/Frameworks/Python.framework/Versions/3.7/lib/python3.7/site-packages/django/core/handlers/exception.py", line 34, in inner
    response = get_response(request)
  File "/Library/Frameworks/Python.framework/Versions/3.7/lib/python3.7/site-packages/django/core/handlers/base.py", line 115, in _get_response
    response = self.process_exception_by_middleware(e, request)
  File "/Library/Frameworks/Python.framework/Versions/3.7/lib/python3.7/site-packages/django/core/handlers/base.py", line 113, in _get_response
    response = wrapped_callback(request, *callback_args, **callback_kwargs)
  File "/Users/michaelbrewster/Desktop/myGit/djangoProject/Section21/first_project/first_app/views.py", line 55, in form_name_view
    form = forms.FormName()
AttributeError: module 'django.forms' has no attribute 'FormName'
INFO:django.utils.autoreload:/Users/michaelbrewster/Desktop/myGit/djangoProject/Section21/first_project/first_app/views.py changed, reloading.
WARNING:root:test test
WARNING:root:test test
WARNING:root:test test
WARNING:root:test test
INFO:django.utils.autoreload:Watching for file changes with StatReloader
INFO:django.utils.autoreload:/Users/michaelbrewster/Desktop/myGit/djangoProject/Section21/first_project/first_app/views.py changed, reloading.
WARNING:root:test test
WARNING:root:test test
WARNING:root:test test
WARNING:root:test test
INFO:django.utils.autoreload:Watching for file changes with StatReloader
INFO:django.utils.autoreload:/Users/michaelbrewster/Desktop/myGit/djangoProject/Section21/first_project/first_app/views.py changed, reloading.
WARNING:root:test test
WARNING:root:test test
WARNING:root:test test
WARNING:root:test test
INFO:django.utils.autoreload:Watching for file changes with StatReloader
DEBUG:root:Test log
DEBUG:root:<WSGIRequest: GET '/first_app/formpage/'>
INFO:django.utils.autoreload:/Users/michaelbrewster/Desktop/myGit/djangoProject/Section21/first_project/first_app/views.py changed, reloading.
WARNING:root:test test
WARNING:root:test test
WARNING:root:test test
WARNING:root:test test
INFO:django.utils.autoreload:Watching for file changes with StatReloader
DEBUG:root:Test log
DEBUG:root:<WSGIRequest: GET '/first_app/formpage/'>
ERROR:django.request:Internal Server Error: /first_app/formpage/
Traceback (most recent call last):
  File "/Library/Frameworks/Python.framework/Versions/3.7/lib/python3.7/site-packages/django/core/handlers/exception.py", line 34, in inner
    response = get_response(request)
  File "/Library/Frameworks/Python.framework/Versions/3.7/lib/python3.7/site-packages/django/core/handlers/base.py", line 115, in _get_response
    response = self.process_exception_by_middleware(e, request)
  File "/Library/Frameworks/Python.framework/Versions/3.7/lib/python3.7/site-packages/django/core/handlers/base.py", line 113, in _get_response
    response = wrapped_callback(request, *callback_args, **callback_kwargs)
  File "/Users/michaelbrewster/Desktop/myGit/djangoProject/Section21/first_project/first_app/views.py", line 55, in form_name_view
    form = forms.FormName()
AttributeError: module 'django.forms' has no attribute 'FormName'
INFO:django.utils.autoreload:/Users/michaelbrewster/Desktop/myGit/djangoProject/Section21/first_project/first_app/views.py changed, reloading.
WARNING:root:test test
WARNING:root:test test
WARNING:root:test test
WARNING:root:test test
INFO:django.utils.autoreload:Watching for file changes with StatReloader
DEBUG:root:Test log
INFO:django.utils.autoreload:/Users/michaelbrewster/Desktop/myGit/djangoProject/Section21/first_project/first_app/views.py changed, reloading.
WARNING:root:test test
WARNING:root:test test
WARNING:root:test test
WARNING:root:test test
INFO:django.utils.autoreload:Watching for file changes with StatReloader
INFO:django.utils.autoreload:/Users/michaelbrewster/Desktop/myGit/djangoProject/Section21/first_project/first_app/views.py changed, reloading.
WARNING:root:test test
WARNING:root:test test
WARNING:root:test test
WARNING:root:test test
INFO:django.utils.autoreload:Watching for file changes with StatReloader
DEBUG:root:Test log
DEBUG:root:<WSGIRequest: GET '/first_app/formpage/'>
DEBUG:root:<WSGIRequest: GET '/first_app/formpage/'>
INFO:django.utils.autoreload:/Users/michaelbrewster/Desktop/myGit/djangoProject/Section21/first_project/first_app/views.py changed, reloading.
WARNING:root:test test
WARNING:root:test test
WARNING:root:test test
WARNING:root:test test
INFO:django.utils.autoreload:Watching for file changes with StatReloader
DEBUG:root:Test log
DEBUG:root:<WSGIRequest: GET '/first_app/formpage/'>
ERROR:django.request:Internal Server Error: /first_app/formpage/
Traceback (most recent call last):
  File "/Library/Frameworks/Python.framework/Versions/3.7/lib/python3.7/site-packages/django/core/handlers/exception.py", line 34, in inner
    response = get_response(request)
  File "/Library/Frameworks/Python.framework/Versions/3.7/lib/python3.7/site-packages/django/core/handlers/base.py", line 115, in _get_response
    response = self.process_exception_by_middleware(e, request)
  File "/Library/Frameworks/Python.framework/Versions/3.7/lib/python3.7/site-packages/django/core/handlers/base.py", line 113, in _get_response
    response = wrapped_callback(request, *callback_args, **callback_kwargs)
  File "/Users/michaelbrewster/Desktop/myGit/djangoProject/Section21/first_project/first_app/views.py", line 53, in form_name_view
    form = forms.FormName()
NameError: name 'forms' is not defined
INFO:django.utils.autoreload:/Users/michaelbrewster/Desktop/myGit/djangoProject/Section21/first_project/first_app/views.py changed, reloading.
WARNING:root:test test
WARNING:root:test test
WARNING:root:test test
WARNING:root:test test
INFO:django.utils.autoreload:Watching for file changes with StatReloader
DEBUG:root:Test log
DEBUG:root:<WSGIRequest: GET '/first_app/formpage/'>
DEBUG:root:<WSGIRequest: GET '/first_app/relative_url_templates/'>
DEBUG:root:<WSGIRequest: GET '/first_app/users/'>
DEBUG:root:<WSGIRequest: GET '/first_app/index/'>
INFO:root:testing
DEBUG:root:<WSGIRequest: GET '/first_app/other/'>
DEBUG:root:<WSGIRequest: GET '/first_app/relative_url_templates/'>
DEBUG:root:<WSGIRequest: GET '/first_app/users/'>
DEBUG:root:<WSGIRequest: GET '/first_app/registration/'>
DEBUG:root:<WSGIRequest: GET '/first_app/formpage/'>
INFO:django.utils.autoreload:/Users/michaelbrewster/Desktop/myGit/djangoProject/Section21/first_project/first_app/views.py changed, reloading.
WARNING:root:test test
WARNING:root:test test
WARNING:root:test test
WARNING:root:test test
WARNING:root:test test
WARNING:root:test test
WARNING:root:test test
WARNING:root:test test
INFO:django.utils.autoreload:Watching for file changes with StatReloader
DEBUG:root:Test log
DEBUG:root:<WSGIRequest: GET '/first_app/formpage/'>
WARNING:root:test test
WARNING:root:test test
WARNING:root:test test
WARNING:root:test test
WARNING:root:test test
WARNING:root:test test
WARNING:root:test test
WARNING:root:test test
INFO:django.utils.autoreload:Watching for file changes with StatReloader
DEBUG:root:Test log
DEBUG:root:<WSGIRequest: GET '/first_app/index/'>
INFO:root:testing
DEBUG:root:<WSGIRequest: GET '/first_app/relative_url_templates/'>
DEBUG:root:<WSGIRequest: GET '/first_app/registration/'>
INFO:django.utils.autoreload:/Users/michaelbrewster/Desktop/myGit/djangoProject/Section21/first_project/first_app/forms.py changed, reloading.
WARNING:root:test test
WARNING:root:test test
WARNING:root:test test
WARNING:root:test test
INFO:django.utils.autoreload:Watching for file changes with StatReloader
DEBUG:root:Test log
DEBUG:root:<WSGIRequest: GET '/first_app/formpage/'>
ERROR:django.request:Internal Server Error: /first_app/formpage/
Traceback (most recent call last):
  File "/Library/Frameworks/Python.framework/Versions/3.7/lib/python3.7/site-packages/django/core/handlers/exception.py", line 34, in inner
    response = get_response(request)
  File "/Library/Frameworks/Python.framework/Versions/3.7/lib/python3.7/site-packages/django/core/handlers/base.py", line 115, in _get_response
    response = self.process_exception_by_middleware(e, request)
  File "/Library/Frameworks/Python.framework/Versions/3.7/lib/python3.7/site-packages/django/core/handlers/base.py", line 113, in _get_response
    response = wrapped_callback(request, *callback_args, **callback_kwargs)
  File "/Users/michaelbrewster/Desktop/myGit/djangoProject/Section21/first_project/first_app/views.py", line 60, in form_name_view
    return render(request,'first_app/form_page.html',{'form':form})
  File "/Library/Frameworks/Python.framework/Versions/3.7/lib/python3.7/site-packages/django/shortcuts.py", line 36, in render
    content = loader.render_to_string(template_name, context, request, using=using)
  File "/Library/Frameworks/Python.framework/Versions/3.7/lib/python3.7/site-packages/django/template/loader.py", line 62, in render_to_string
    return template.render(context, request)
  File "/Library/Frameworks/Python.framework/Versions/3.7/lib/python3.7/site-packages/django/template/backends/django.py", line 61, in render
    return self.template.render(context)
  File "/Library/Frameworks/Python.framework/Versions/3.7/lib/python3.7/site-packages/django/template/base.py", line 171, in render
    return self._render(context)
  File "/Library/Frameworks/Python.framework/Versions/3.7/lib/python3.7/site-packages/django/template/base.py", line 163, in _render
    return self.nodelist.render(context)
  File "/Library/Frameworks/Python.framework/Versions/3.7/lib/python3.7/site-packages/django/template/base.py", line 937, in render
    bit = node.render_annotated(context)
  File "/Library/Frameworks/Python.framework/Versions/3.7/lib/python3.7/site-packages/django/template/base.py", line 904, in render_annotated
    return self.render(context)
  File "/Library/Frameworks/Python.framework/Versions/3.7/lib/python3.7/site-packages/django/template/loader_tags.py", line 150, in render
    return compiled_parent._render(context)
  File "/Library/Frameworks/Python.framework/Versions/3.7/lib/python3.7/site-packages/django/template/base.py", line 163, in _render
    return self.nodelist.render(context)
  File "/Library/Frameworks/Python.framework/Versions/3.7/lib/python3.7/site-packages/django/template/base.py", line 937, in render
    bit = node.render_annotated(context)
  File "/Library/Frameworks/Python.framework/Versions/3.7/lib/python3.7/site-packages/django/template/base.py", line 904, in render_annotated
    return self.render(context)
  File "/Library/Frameworks/Python.framework/Versions/3.7/lib/python3.7/site-packages/django/template/loader_tags.py", line 62, in render
    result = block.nodelist.render(context)
  File "/Library/Frameworks/Python.framework/Versions/3.7/lib/python3.7/site-packages/django/template/base.py", line 937, in render
    bit = node.render_annotated(context)
  File "/Library/Frameworks/Python.framework/Versions/3.7/lib/python3.7/site-packages/django/template/base.py", line 904, in render_annotated
    return self.render(context)
  File "/Library/Frameworks/Python.framework/Versions/3.7/lib/python3.7/site-packages/django/template/base.py", line 987, in render
    output = self.filter_expression.resolve(context)
  File "/Library/Frameworks/Python.framework/Versions/3.7/lib/python3.7/site-packages/django/template/base.py", line 671, in resolve
    obj = self.var.resolve(context)
  File "/Library/Frameworks/Python.framework/Versions/3.7/lib/python3.7/site-packages/django/template/base.py", line 796, in resolve
    value = self._resolve_lookup(context)
  File "/Library/Frameworks/Python.framework/Versions/3.7/lib/python3.7/site-packages/django/template/base.py", line 858, in _resolve_lookup
    current = current()
  File "/Library/Frameworks/Python.framework/Versions/3.7/lib/python3.7/site-packages/django/forms/forms.py", line 304, in as_p
    errors_on_separate_row=True,
  File "/Library/Frameworks/Python.framework/Versions/3.7/lib/python3.7/site-packages/django/forms/forms.py", line 243, in _html_output
    'field_name': bf.html_name,
  File "/Library/Frameworks/Python.framework/Versions/3.7/lib/python3.7/site-packages/django/utils/html.py", line 388, in <lambda>
    klass.__str__ = lambda self: mark_safe(klass_str(self))
  File "/Library/Frameworks/Python.framework/Versions/3.7/lib/python3.7/site-packages/django/forms/boundfield.py", line 33, in __str__
    return self.as_widget()
  File "/Library/Frameworks/Python.framework/Versions/3.7/lib/python3.7/site-packages/django/forms/boundfield.py", line 86, in as_widget
    attrs = self.build_widget_attrs(attrs, widget)
  File "/Library/Frameworks/Python.framework/Versions/3.7/lib/python3.7/site-packages/django/forms/boundfield.py", line 221, in build_widget_attrs
    if widget.use_required_attribute(self.initial) and self.field.required and self.form.use_required_attribute:
  File "/Library/Frameworks/Python.framework/Versions/3.7/lib/python3.7/site-packages/django/forms/widgets.py", line 702, in use_required_attribute
    return use_required_attribute and first_choice is not None and self._choice_has_empty_value(first_choice)
  File "/Library/Frameworks/Python.framework/Versions/3.7/lib/python3.7/site-packages/django/forms/widgets.py", line 688, in _choice_has_empty_value
    value, _ = choice
ValueError: too many values to unpack (expected 2)
INFO:django.utils.autoreload:/Users/michaelbrewster/Desktop/myGit/djangoProject/Section21/first_project/first_app/forms.py changed, reloading.
WARNING:root:test test
WARNING:root:test test
WARNING:root:test test
WARNING:root:test test
INFO:django.utils.autoreload:Watching for file changes with StatReloader
DEBUG:root:Test log
DEBUG:root:<WSGIRequest: GET '/first_app/formpage/'>
ERROR:django.request:Internal Server Error: /first_app/formpage/
Traceback (most recent call last):
  File "/Library/Frameworks/Python.framework/Versions/3.7/lib/python3.7/site-packages/django/core/handlers/exception.py", line 34, in inner
    response = get_response(request)
  File "/Library/Frameworks/Python.framework/Versions/3.7/lib/python3.7/site-packages/django/core/handlers/base.py", line 115, in _get_response
    response = self.process_exception_by_middleware(e, request)
  File "/Library/Frameworks/Python.framework/Versions/3.7/lib/python3.7/site-packages/django/core/handlers/base.py", line 113, in _get_response
    response = wrapped_callback(request, *callback_args, **callback_kwargs)
  File "/Users/michaelbrewster/Desktop/myGit/djangoProject/Section21/first_project/first_app/views.py", line 60, in form_name_view
    return render(request,'first_app/form_page.html',{'form':form})
  File "/Library/Frameworks/Python.framework/Versions/3.7/lib/python3.7/site-packages/django/shortcuts.py", line 36, in render
    content = loader.render_to_string(template_name, context, request, using=using)
  File "/Library/Frameworks/Python.framework/Versions/3.7/lib/python3.7/site-packages/django/template/loader.py", line 62, in render_to_string
    return template.render(context, request)
  File "/Library/Frameworks/Python.framework/Versions/3.7/lib/python3.7/site-packages/django/template/backends/django.py", line 61, in render
    return self.template.render(context)
  File "/Library/Frameworks/Python.framework/Versions/3.7/lib/python3.7/site-packages/django/template/base.py", line 171, in render
    return self._render(context)
  File "/Library/Frameworks/Python.framework/Versions/3.7/lib/python3.7/site-packages/django/template/base.py", line 163, in _render
    return self.nodelist.render(context)
  File "/Library/Frameworks/Python.framework/Versions/3.7/lib/python3.7/site-packages/django/template/base.py", line 937, in render
    bit = node.render_annotated(context)
  File "/Library/Frameworks/Python.framework/Versions/3.7/lib/python3.7/site-packages/django/template/base.py", line 904, in render_annotated
    return self.render(context)
  File "/Library/Frameworks/Python.framework/Versions/3.7/lib/python3.7/site-packages/django/template/loader_tags.py", line 150, in render
    return compiled_parent._render(context)
  File "/Library/Frameworks/Python.framework/Versions/3.7/lib/python3.7/site-packages/django/template/base.py", line 163, in _render
    return self.nodelist.render(context)
  File "/Library/Frameworks/Python.framework/Versions/3.7/lib/python3.7/site-packages/django/template/base.py", line 937, in render
    bit = node.render_annotated(context)
  File "/Library/Frameworks/Python.framework/Versions/3.7/lib/python3.7/site-packages/django/template/base.py", line 904, in render_annotated
    return self.render(context)
  File "/Library/Frameworks/Python.framework/Versions/3.7/lib/python3.7/site-packages/django/template/loader_tags.py", line 62, in render
    result = block.nodelist.render(context)
  File "/Library/Frameworks/Python.framework/Versions/3.7/lib/python3.7/site-packages/django/template/base.py", line 937, in render
    bit = node.render_annotated(context)
  File "/Library/Frameworks/Python.framework/Versions/3.7/lib/python3.7/site-packages/django/template/base.py", line 904, in render_annotated
    return self.render(context)
  File "/Library/Frameworks/Python.framework/Versions/3.7/lib/python3.7/site-packages/django/template/base.py", line 987, in render
    output = self.filter_expression.resolve(context)
  File "/Library/Frameworks/Python.framework/Versions/3.7/lib/python3.7/site-packages/django/template/base.py", line 671, in resolve
    obj = self.var.resolve(context)
  File "/Library/Frameworks/Python.framework/Versions/3.7/lib/python3.7/site-packages/django/template/base.py", line 796, in resolve
    value = self._resolve_lookup(context)
  File "/Library/Frameworks/Python.framework/Versions/3.7/lib/python3.7/site-packages/django/template/base.py", line 858, in _resolve_lookup
    current = current()
  File "/Library/Frameworks/Python.framework/Versions/3.7/lib/python3.7/site-packages/django/forms/forms.py", line 304, in as_p
    errors_on_separate_row=True,
  File "/Library/Frameworks/Python.framework/Versions/3.7/lib/python3.7/site-packages/django/forms/forms.py", line 243, in _html_output
    'field_name': bf.html_name,
  File "/Library/Frameworks/Python.framework/Versions/3.7/lib/python3.7/site-packages/django/utils/html.py", line 388, in <lambda>
    klass.__str__ = lambda self: mark_safe(klass_str(self))
  File "/Library/Frameworks/Python.framework/Versions/3.7/lib/python3.7/site-packages/django/forms/boundfield.py", line 33, in __str__
    return self.as_widget()
  File "/Library/Frameworks/Python.framework/Versions/3.7/lib/python3.7/site-packages/django/forms/boundfield.py", line 86, in as_widget
    attrs = self.build_widget_attrs(attrs, widget)
  File "/Library/Frameworks/Python.framework/Versions/3.7/lib/python3.7/site-packages/django/forms/boundfield.py", line 221, in build_widget_attrs
    if widget.use_required_attribute(self.initial) and self.field.required and self.form.use_required_attribute:
  File "/Library/Frameworks/Python.framework/Versions/3.7/lib/python3.7/site-packages/django/forms/widgets.py", line 702, in use_required_attribute
    return use_required_attribute and first_choice is not None and self._choice_has_empty_value(first_choice)
  File "/Library/Frameworks/Python.framework/Versions/3.7/lib/python3.7/site-packages/django/forms/widgets.py", line 688, in _choice_has_empty_value
    value, _ = choice
ValueError: too many values to unpack (expected 2)
INFO:django.utils.autoreload:/Users/michaelbrewster/Desktop/myGit/djangoProject/Section21/first_project/first_app/forms.py changed, reloading.
WARNING:root:test test
WARNING:root:test test
WARNING:root:test test
WARNING:root:test test
INFO:django.utils.autoreload:Watching for file changes with StatReloader
DEBUG:root:Test log
DEBUG:root:<WSGIRequest: GET '/first_app/formpage/'>
DEBUG:root:<WSGIRequest: GET '/first_app/formpage/'>
WARNING:root:test test
WARNING:root:test test
WARNING:root:test test
WARNING:root:test test
WARNING:root:test test
WARNING:root:test test
WARNING:root:test test
WARNING:root:test test
INFO:django.utils.autoreload:Watching for file changes with StatReloader
DEBUG:root:Test log
DEBUG:root:<WSGIRequest: GET '/'>
INFO:root:testing
DEBUG:root:<WSGIRequest: GET '/first_app/formpage/'>
DEBUG:root:<WSGIRequest: POST '/first_app/formpage/'>
ERROR:django.request:Internal Server Error: /first_app/formpage/
Traceback (most recent call last):
  File "/Library/Frameworks/Python.framework/Versions/3.7/lib/python3.7/site-packages/django/core/handlers/exception.py", line 34, in inner
    response = get_response(request)
  File "/Library/Frameworks/Python.framework/Versions/3.7/lib/python3.7/site-packages/django/core/handlers/base.py", line 115, in _get_response
    response = self.process_exception_by_middleware(e, request)
  File "/Library/Frameworks/Python.framework/Versions/3.7/lib/python3.7/site-packages/django/core/handlers/base.py", line 113, in _get_response
    response = wrapped_callback(request, *callback_args, **callback_kwargs)
  File "/Users/michaelbrewster/Desktop/myGit/djangoProject/Section21/first_project/first_app/views.py", line 54, in form_name_view
    form = forms.FormName(request.POST)
NameError: name 'forms' is not defined
INFO:django.utils.autoreload:/Users/michaelbrewster/Desktop/myGit/djangoProject/Section21/first_project/first_app/views.py changed, reloading.
WARNING:root:test test
WARNING:root:test test
WARNING:root:test test
WARNING:root:test test
INFO:django.utils.autoreload:Watching for file changes with StatReloader
DEBUG:root:Test log
DEBUG:root:<WSGIRequest: POST '/first_app/formpage/'>
DEBUG:root:<WSGIRequest: POST '/first_app/formpage/'>
DEBUG:root:<WSGIRequest: POST '/first_app/formpage/'>
DEBUG:root:<WSGIRequest: GET '/first_app/registration/'>
DEBUG:root:<WSGIRequest: POST '/first_app/registration/'>
DEBUG:root:<WSGIRequest: GET '/first_app/relative_url_templates/'>
DEBUG:root:<WSGIRequest: GET '/first_app/users/'>
DEBUG:root:<WSGIRequest: GET '/first_app/index/'>
INFO:root:testing
DEBUG:root:<WSGIRequest: GET '/first_app/login/'>
DEBUG:root:<WSGIRequest: POST '/first_app/login/'>
DEBUG:root:<WSGIRequest: GET '/first_app/login/'>
DEBUG:root:<WSGIRequest: POST '/first_app/login/'>
DEBUG:root:<WSGIRequest: GET '/first_app/login/'>
DEBUG:root:<WSGIRequest: GET '/'>
INFO:root:testing
DEBUG:root:<WSGIRequest: GET '/first_app/users/'>
